#! /usr/local/bin/vvp
:ivl_version "11.0 (devel)" "(s20150603-833-g3f49dfcd-dirty)";
:ivl_delay_selection "TYPICAL";
:vpi_time_precision + 0;
:vpi_module "/usr/local/lib/ivl/system.vpi";
:vpi_module "/usr/local/lib/ivl/vhdl_sys.vpi";
:vpi_module "/usr/local/lib/ivl/vhdl_textio.vpi";
:vpi_module "/usr/local/lib/ivl/v2005_math.vpi";
:vpi_module "/usr/local/lib/ivl/va_math.vpi";
S_0x562af6512f80 .scope module, "teste_shifter" "teste_shifter" 2 1;
 .timescale 0 0;
v0x562af65282b0_0 .var "in", 31 0;
v0x562af6528390_0 .net "out", 31 0, v0x562af6527f90_0;  1 drivers
v0x562af6528460_0 .var "sll8", 0 0;
v0x562af6528560_0 .var "sra1", 0 0;
S_0x562af6513110 .scope module, "DUT" "shifter" 2 8, 3 1 0, S_0x562af6512f80;
 .timescale 0 0;
    .port_info 0 /OUTPUT 32 "out";
    .port_info 1 /INPUT 1 "sll8";
    .port_info 2 /INPUT 1 "sra1";
    .port_info 3 /INPUT 32 "in";
v0x562af6513330_0 .net "in", 31 0, v0x562af65282b0_0;  1 drivers
v0x562af6527f90_0 .var "out", 31 0;
v0x562af6528070_0 .net "sll8", 0 0, v0x562af6528460_0;  1 drivers
v0x562af6528140_0 .net "sra1", 0 0, v0x562af6528560_0;  1 drivers
E_0x562af6511ed0 .event edge, v0x562af6528140_0, v0x562af6528070_0, v0x562af6513330_0;
    .scope S_0x562af6513110;
T_0 ;
    %wait E_0x562af6511ed0;
    %load/vec4 v0x562af6528070_0;
    %flag_set/vec4 8;
    %jmp/0xz  T_0.0, 8;
    %load/vec4 v0x562af6513330_0;
    %ix/load 4, 8, 0;
    %flag_set/imm 4, 0;
    %shiftl 4;
    %assign/vec4 v0x562af6527f90_0, 0;
T_0.0 ;
    %load/vec4 v0x562af6528140_0;
    %flag_set/vec4 8;
    %jmp/0xz  T_0.2, 8;
    %load/vec4 v0x562af6513330_0;
    %ix/load 4, 1, 0;
    %flag_set/imm 4, 0;
    %shiftr 4;
    %assign/vec4 v0x562af6527f90_0, 0;
T_0.2 ;
    %load/vec4 v0x562af6528070_0;
    %inv;
    %load/vec4 v0x562af6528140_0;
    %inv;
    %and;
    %flag_set/vec4 8;
    %jmp/0xz  T_0.4, 8;
    %load/vec4 v0x562af6513330_0;
    %assign/vec4 v0x562af6527f90_0, 0;
T_0.4 ;
    %jmp T_0;
    .thread T_0, $push;
    .scope S_0x562af6512f80;
T_1 ;
    %vpi_call 2 12 "$dumpvars", 32'sb00000000000000000000000000000000, S_0x562af6512f80 {0 0 0};
    %vpi_call 2 13 "$monitor", $time, "input: %b  sll8: %b  sra1: %b  output: %b", v0x562af65282b0_0, v0x562af6528460_0, v0x562af6528560_0, v0x562af6528390_0 {0 0 0};
    %end;
    .thread T_1;
    .scope S_0x562af6512f80;
T_2 ;
    %delay 10, 0;
    %pushi/vec4 2703489714, 0, 32;
    %store/vec4 v0x562af65282b0_0, 0, 32;
    %pushi/vec4 0, 0, 1;
    %store/vec4 v0x562af6528460_0, 0, 1;
    %pushi/vec4 1, 0, 1;
    %store/vec4 v0x562af6528560_0, 0, 1;
    %delay 10, 0;
    %pushi/vec4 2972057599, 0, 32;
    %store/vec4 v0x562af65282b0_0, 0, 32;
    %pushi/vec4 1, 0, 1;
    %store/vec4 v0x562af6528460_0, 0, 1;
    %pushi/vec4 0, 0, 1;
    %store/vec4 v0x562af6528560_0, 0, 1;
    %delay 10, 0;
    %pushi/vec4 3451562, 0, 32;
    %store/vec4 v0x562af65282b0_0, 0, 32;
    %pushi/vec4 0, 0, 1;
    %store/vec4 v0x562af6528460_0, 0, 1;
    %pushi/vec4 0, 0, 1;
    %store/vec4 v0x562af6528560_0, 0, 1;
    %delay 10, 0;
    %pushi/vec4 860011297, 0, 32;
    %store/vec4 v0x562af65282b0_0, 0, 32;
    %pushi/vec4 1, 0, 1;
    %store/vec4 v0x562af6528460_0, 0, 1;
    %pushi/vec4 0, 0, 1;
    %store/vec4 v0x562af6528560_0, 0, 1;
    %delay 10, 0;
    %pushi/vec4 4369, 0, 32;
    %store/vec4 v0x562af65282b0_0, 0, 32;
    %pushi/vec4 0, 0, 1;
    %store/vec4 v0x562af6528460_0, 0, 1;
    %pushi/vec4 1, 0, 1;
    %store/vec4 v0x562af6528560_0, 0, 1;
    %end;
    .thread T_2;
# The file index is used to find the file name in the following table.
:file_names 4;
    "N/A";
    "<interactive>";
    "teste_shifter.v";
    "shifter.v";
